<?xml version="1.0" encoding="UTF-8"?>
<testng-results ignored="0" total="1" passed="1" failed="0" skipped="0">
  <reporter-output>
  </reporter-output>
  <suite started-at="2024-04-21T12:32:31 IST" name="Suite" finished-at="2024-04-21T12:32:35 IST" duration-ms="4329">
    <groups>
    </groups>
    <test started-at="2024-04-21T12:32:31 IST" name="Test23" finished-at="2024-04-21T12:32:35 IST" duration-ms="4329">
      <class name="TESTngpackage.NewFunc">
        <test-method signature="f()[pri:0, instance:TESTngpackage.NewFunc@4a22f9e2]" started-at="2024-04-21T12:32:31 IST" name="f" finished-at="2024-04-21T12:32:35 IST" duration-ms="4304" status="PASS">
          <reporter-output>
          </reporter-output>
        </test-method> <!-- f -->
      </class> <!-- TESTngpackage.NewFunc -->
    </test> <!-- Test23 -->
  </suite> <!-- Suite -->
</testng-results>
