<?xml version="1.0" encoding="UTF-8"?>
<testng-results ignored="0" total="1" passed="1" failed="0" skipped="0">
  <reporter-output>
  </reporter-output>
  <suite started-at="2024-04-21T16:12:03 IST" name="Default suite" finished-at="2024-04-21T16:12:08 IST" duration-ms="5466">
    <groups>
    </groups>
    <test started-at="2024-04-21T16:12:03 IST" name="Default test" finished-at="2024-04-21T16:12:08 IST" duration-ms="5466">
      <class name="TESTngpackage.NewFunc">
        <test-method signature="f()[pri:0, instance:TESTngpackage.NewFunc@53ce1329]" started-at="2024-04-21T16:12:03 IST" name="f" finished-at="2024-04-21T16:12:08 IST" duration-ms="5417" status="PASS">
          <reporter-output>
          </reporter-output>
        </test-method> <!-- f -->
      </class> <!-- TESTngpackage.NewFunc -->
    </test> <!-- Default test -->
  </suite> <!-- Default suite -->
</testng-results>
